p cnf 520 192
-458 431 0
-455 426 0
-454 430 0
-453 432 0
-452 427 0
-451 429 0
-450 428 0
-449 424 0
-448 425 0
-447 422 0
-446 421 0
-445 419 0
-444 417 0
-443 416 0
-442 423 0
-441 415 0
-440 418 0
-439 420 0
-438 411 0
-437 413 0
-436 414 0
-435 410 0
-434 412 0
-433 409 0
-432 453 0
-431 458 0
-430 454 0
-429 451 0
-428 450 0
-427 452 0
-426 455 0
-425 448 0
-424 449 0
-423 442 0
-422 447 0
-421 446 0
-420 439 0
-419 445 0
-418 440 0
-417 444 0
-416 443 0
-415 441 0
-414 436 0
-413 437 0
-412 434 0
-411 438 0
-410 435 0
-409 433 0
-408 387 0
-407 383 0
-406 380 0
-405 382 0
-404 376 0
-403 379 0
-402 381 0
-401 377 0
-400 378 0
-399 373 0
-398 374 0
-397 372 0
-396 375 0
-395 368 0
-394 371 0
-393 366 0
-392 370 0
-391 365 0
-390 364 0
-389 369 0
-388 367 0
-387 408 0
-386 361 0
-385 362 0
-384 363 0
-383 407 0
-382 405 0
-381 402 0
-380 406 0
-379 403 0
-378 400 0
-377 401 0
-376 404 0
-375 396 0
-374 398 0
-373 399 0
-372 397 0
-371 394 0
-370 392 0
-369 389 0
-368 395 0
-367 388 0
-366 393 0
-365 391 0
-364 390 0
-363 384 0
-362 385 0
-361 386 0
-360 335 0
-359 337 0
-358 333 0
-357 332 0
-356 330 0
-355 331 0
-354 334 0
-353 327 0
-352 329 0
-351 328 0
-350 326 0
-349 325 0
-348 321 0
-347 324 0
-346 323 0
-345 320 0
-344 319 0
-343 322 0
-342 317 0
-341 318 0
-340 315 0
-339 313 0
-338 316 0
-337 359 0
-336 312 0
-335 360 0
-334 354 0
-333 358 0
-332 357 0
-331 355 0
-330 356 0
-329 352 0
-328 351 0
-327 353 0
-326 350 0
-325 349 0
-324 347 0
-323 346 0
-322 343 0
-321 348 0
-320 345 0
-319 344 0
-318 341 0
-317 342 0
-316 338 0
-315 340 0
-314 289 0
-313 339 0
-312 336 0
-311 283 0
-310 287 0
-309 286 0
-308 285 0
-307 284 0
-306 281 0
-305 282 0
-304 277 0
-303 280 0
-302 279 0
-301 278 0
-300 275 0
-299 276 0
-298 273 0
-297 270 0
-296 271 0
-295 274 0
-294 267 0
-293 272 0
-292 269 0
-291 -264 0
-290 268 0
-289 314 0
-288 266 0
-287 310 0
-286 309 0
-285 308 0
-284 307 0
-283 311 0
-282 305 0
-281 306 0
-280 303 0
-279 302 0
-278 301 0
-277 304 0
-276 299 0
-275 300 0
-274 295 0
-273 298 0
-272 293 0
-271 296 0
-270 297 0
-269 292 0
-268 290 0
-267 294 0
-266 288 0
264 291 0
