g++ main.cpp -O2 -o main
g++ probing.cpp -O2 -o probing
=====================================
FILE: robertoBenchs/aes_24_4_keyfind_2-sc2013.cnf
Reading clauses...
K: 1
0 constraints.
Time difference = 0[ms]


real	0m0,009s
user	0m0,009s
sys	0m0,000s
-------------------------------------
Reading clauses...
K: 1
0 constraints.
Time difference = 0[ms]


real	0m0,012s
user	0m0,008s
sys	0m0,006s
=====================================
=====================================
FILE: robertoBenchs/Bebel-toughsat_24bits_1.cnf
Reading clauses...
K: 1
5 constraints.
Time difference = 0[ms]

K: 2
1 constraints.
Time difference = 0[ms]

K: 3
0 constraints.
Time difference = 0[ms]


real	0m0,022s
user	0m0,018s
sys	0m0,004s
-------------------------------------
Reading clauses...
K: 1
30 constraints.
Time difference = 0[ms]

K: 2
6 constraints.
Time difference = 0[ms]

K: 3
0 constraints.
Time difference = 0[ms]


real	0m0,027s
user	0m0,028s
sys	0m0,000s
=====================================
=====================================
FILE: robertoBenchs/Biere-eqbpwtrc10bpdtlf10.cnf
Reading clauses...
K: 1
0 constraints.
Time difference = 2[ms]


real	0m0,010s
user	0m0,007s
sys	0m0,003s
-------------------------------------
Reading clauses...
K: 1
15236 constraints.
Time difference = 14[ms]

K: 2
13601 constraints.
Time difference = 10[ms]

K: 3
14231 constraints.
Time difference = 9[ms]

K: 4
13445 constraints.
Time difference = 10[ms]

K: 5
9338 constraints.
Time difference = 17[ms]

K: 6
4292 constraints.
Time difference = 8[ms]

K: 7
1186 constraints.
Time difference = 3[ms]

K: 8
158 constraints.
Time difference = 0[ms]

K: 9
4 constraints.
Time difference = 0[ms]

K: 10
0 constraints.
Time difference = 0[ms]


real	0m0,108s
user	0m0,100s
sys	0m0,013s
=====================================
=====================================
FILE: robertoBenchs/hid-uns-enc-6-1-0-0-0-0-3251.cnf
Reading clauses...
K: 1
2376 constraints.
Time difference = 2[ms]

K: 2
576 constraints.
Time difference = 1[ms]

K: 3
0 constraints.
Time difference = 0[ms]


real	0m0,012s
user	0m0,012s
sys	0m0,000s
-------------------------------------
Reading clauses...
K: 1
653976 constraints.
Time difference = 111[ms]

K: 2
6201252 constraints.
Time difference = 1295[ms]

K: 3
44529408 constraints.
Time difference = 12378[ms]

K: 4

./execute_all.sh: line 3: 13911 Done                    ./probing < $FILE
     13912 Killed                  | ./main

real	6m16,807s
user	1m42,917s
sys	0m28,197s
=====================================
=====================================
FILE: robertoBenchs/jgiraldezlevy.2200.9086.08.40.149-sr2015.cnf
Reading clauses...

real	0m0,022s
user	0m0,009s
sys	0m0,000s
-------------------------------------
Reading clauses...

real	0m0,010s
user	0m0,010s
sys	0m0,000s
=====================================
=====================================
FILE: robertoBenchs/leagues1.cnf
Reading clauses...
K: 1
178724 constraints.
Time difference = 85[ms]

K: 2
395786 constraints.
Time difference = 154[ms]

K: 3
628972 constraints.
Time difference = 329[ms]

K: 4
732291 constraints.
Time difference = 528[ms]

K: 5
627368 constraints.
Time difference = 623[ms]

K: 6
392050 constraints.
Time difference = 544[ms]

K: 7
174240 constraints.
Time difference = 384[ms]

K: 8
52272 constraints.
Time difference = 192[ms]

K: 9
9504 constraints.
Time difference = 71[ms]

K: 10
792 constraints.
Time difference = 18[ms]

K: 11
0 constraints.
Time difference = 0[ms]


real	0m3,321s
user	0m3,252s
sys	0m0,068s
-------------------------------------
Reading clauses...
K: 1
4703624 constraints.
Time difference = 1014[ms]

K: 2
47336636 constraints.
Time difference = 11631[ms]

K: 3
./execute_all.sh: line 3: 13953 Done                    ./probing < $FILE
     13954 Killed                  | ./main

real	5m40,262s
user	1m32,379s
sys	0m25,346s
=====================================
=====================================
FILE: robertoBenchs/leagues2.cnf
Reading clauses...
K: 1
125540 constraints.
Time difference = 177[ms]

K: 2
63207 constraints.
Time difference = 79[ms]

K: 3
68307 constraints.
Time difference = 57[ms]

K: 4
88579 constraints.
Time difference = 70[ms]

K: 5
89272 constraints.
Time difference = 86[ms]

K: 6
70142 constraints.
Time difference = 89[ms]

K: 7
42810 constraints.
Time difference = 79[ms]

K: 8
20089 constraints.
Time difference = 55[ms]

K: 9
7113 constraints.
Time difference = 27[ms]

K: 10
1841 constraints.
Time difference = 9[ms]

K: 11
330 constraints.
Time difference = 2[ms]

K: 12
37 constraints.
Time difference = 0[ms]

K: 13
2 constraints.
Time difference = 0[ms]

K: 14
0 constraints.
Time difference = 0[ms]


real	0m1,111s
user	0m1,053s
sys	0m0,040s
-------------------------------------
Reading clauses...
K: 1
./execute_all.sh: line 3: 13975 Done                    ./probing < $FILE
     13976 Killed                  | ./main

real	5m45,978s
user	0m59,013s
sys	0m31,890s
=====================================
=====================================
FILE: robertoBenchs/QG7a-gensys-ukn002.sat05-3842.reshuffled-07-sc2007.cnf
Reading clauses...
K: 1
0 constraints.
Time difference = 0[ms]


real	0m0,041s
user	0m0,026s
sys	0m0,000s
-------------------------------------
Reading clauses...
K: 1
0 constraints.
Time difference = 0[ms]


real	0m0,035s
user	0m0,029s
sys	0m0,005s
=====================================
=====================================
FILE: robertoBenchs/Savicky-size_4_4_4_i0566_r8.cnf
Reading clauses...
K: 1
7 constraints.
Time difference = 0[ms]

K: 2
0 constraints.
Time difference = 0[ms]


real	0m0,006s
user	0m0,006s
sys	0m0,000s
-------------------------------------
Reading clauses...
K: 1
2471 constraints.
Time difference = 2[ms]

K: 2
3437 constraints.
Time difference = 1[ms]

K: 3
3171 constraints.
Time difference = 2[ms]

K: 4
1939 constraints.
Time difference = 1[ms]

K: 5
757 constraints.
Time difference = 1[ms]

K: 6
171 constraints.
Time difference = 0[ms]

K: 7
17 constraints.
Time difference = 0[ms]

K: 8
0 constraints.
Time difference = 0[ms]


real	0m0,017s
user	0m0,018s
sys	0m0,000s
=====================================
=====================================
FILE: robertoBenchs/Savicky-size_4_4_4_i4828_r8.cnf
Reading clauses...
K: 1
7 constraints.
Time difference = 0[ms]

K: 2
0 constraints.
Time difference = 0[ms]


real	0m0,004s
user	0m0,004s
sys	0m0,000s
-------------------------------------
Reading clauses...
K: 1
2471 constraints.
Time difference = 1[ms]

K: 2
3437 constraints.
Time difference = 1[ms]

K: 3
3171 constraints.
Time difference = 1[ms]

K: 4
1939 constraints.
Time difference = 2[ms]

K: 5
757 constraints.
Time difference = 1[ms]

K: 6
171 constraints.
Time difference = 0[ms]

K: 7
17 constraints.
Time difference = 0[ms]

K: 8
0 constraints.
Time difference = 0[ms]


real	0m0,018s
user	0m0,020s
sys	0m0,000s
=====================================
=====================================
FILE: robertoBenchs/Savicky-size_5_5_5_i198_r12.cnf
Reading clauses...
K: 1
11 constraints.
Time difference = 2[ms]

K: 2
0 constraints.
Time difference = 0[ms]


real	0m0,010s
user	0m0,003s
sys	0m0,007s
-------------------------------------
Reading clauses...
K: 1
13541 constraints.
Time difference = 5[ms]

K: 2
32285 constraints.
Time difference = 11[ms]

K: 3
55308 constraints.
Time difference = 27[ms]

K: 4
70026 constraints.
Time difference = 52[ms]

K: 5
66330 constraints.
Time difference = 66[ms]

K: 6
46992 constraints.
Time difference = 60[ms]

K: 7
24585 constraints.
Time difference = 43[ms]

K: 8
9229 constraints.
Time difference = 19[ms]

K: 9
2353 constraints.
Time difference = 7[ms]

K: 10
365 constraints.
Time difference = 1[ms]

K: 11
26 constraints.
Time difference = 0[ms]

K: 12
0 constraints.
Time difference = 0[ms]


real	0m0,341s
user	0m0,336s
sys	0m0,008s
=====================================
=====================================
FILE: robertoBenchs/size_5_5_5_i053_r12.cnf
Reading clauses...
K: 1
11 constraints.
Time difference = 1[ms]

K: 2
0 constraints.
Time difference = 0[ms]


real	0m0,026s
user	0m0,013s
sys	0m0,000s
-------------------------------------
Reading clauses...
K: 1
13541 constraints.
Time difference = 6[ms]

K: 2
32285 constraints.
Time difference = 11[ms]

K: 3
55308 constraints.
Time difference = 25[ms]

K: 4
70026 constraints.
Time difference = 45[ms]

K: 5
66330 constraints.
Time difference = 58[ms]

K: 6
46992 constraints.
Time difference = 53[ms]

K: 7
24585 constraints.
Time difference = 38[ms]

K: 8
9229 constraints.
Time difference = 20[ms]

K: 9
2353 constraints.
Time difference = 7[ms]

K: 10
365 constraints.
Time difference = 1[ms]

K: 11
26 constraints.
Time difference = 0[ms]

K: 12
0 constraints.
Time difference = 0[ms]


real	0m0,313s
user	0m0,304s
sys	0m0,012s
=====================================
=====================================
FILE: robertoBenchs/Skladanivskyy-sha1r17m146ABCD_p.cnf
Reading clauses...
K: 1
0 constraints.
Time difference = 0[ms]


real	0m0,013s
user	0m0,013s
sys	0m0,000s
-------------------------------------
Reading clauses...
K: 1
0 constraints.
Time difference = 0[ms]


real	0m0,018s
user	0m0,019s
sys	0m0,000s
=====================================
=====================================
FILE: robertoBenchs/Skladanivskyy-sha1r17m148ABCD_p.cnf
Reading clauses...
K: 1
0 constraints.
Time difference = 0[ms]


real	0m0,013s
user	0m0,010s
sys	0m0,003s
-------------------------------------
Reading clauses...
K: 1
0 constraints.
Time difference = 0[ms]


real	0m0,017s
user	0m0,019s
sys	0m0,000s
=====================================
=====================================
FILE: robertoBenchs/Skladanivskyy-sha1r17m66a.cnf
Reading clauses...
K: 1
0 constraints.
Time difference = 0[ms]


real	0m0,013s
user	0m0,013s
sys	0m0,000s
-------------------------------------
Reading clauses...
K: 1
0 constraints.
Time difference = 0[ms]


real	0m0,018s
user	0m0,020s
sys	0m0,000s
=====================================
=====================================
FILE: robertoBenchs/Skladanivskyy-sha1r17m72a_p.cnf
Reading clauses...
K: 1
0 constraints.
Time difference = 0[ms]


real	0m0,011s
user	0m0,010s
sys	0m0,000s
-------------------------------------
Reading clauses...
K: 1
0 constraints.
Time difference = 0[ms]


real	0m0,012s
user	0m0,013s
sys	0m0,000s
=====================================
=====================================
FILE: robertoBenchs/Zaikin-ASG_72_keystream76_2.cnf
Reading clauses...
K: 1
0 constraints.
Time difference = 0[ms]


real	0m0,014s
user	0m0,010s
sys	0m0,004s
-------------------------------------
Reading clauses...
K: 1
0 constraints.
Time difference = 0[ms]


real	0m0,015s
user	0m0,016s
sys	0m0,000s
=====================================
